
(107)
   \--0--(83)
   |      \--0--(35)
   |      |      \--0--(17) 'e'
   |      |      \--1--(18) 'a'
   |      \--1--(48)
   |      |      \--0--(19)
   |      |      |      \--0--(9) 'b'
   |      |      |      \--1--(10)
   |      |      |      |      \--0--(3)
   |      |      |      |      |      \--0--(0) '\$'
   |      |      |      |      |      \--1--(3) 'c'
   |      |      |      |      \--1--(7) '7'
   |      |      \--1--(29)
   |      |      |      \--0--(13) 'd'
   |      |      |      \--1--(16)
   |      |      |      |      \--0--(8) '\n'
   |      |      |      |      \--1--(8) 'z'
   \--1--(24) '9'

'\$'  -->  00000101
'e'   -->  000
'a'   -->  001
'b'   -->  0100
'c'   -->  010101
'7'   -->  01011
'd'   -->  0110
'\n'  -->  01110
'z'   -->  01111
'9'   -->  1
